[0518/185040.412:ERROR:file_io.cc(89)] ReadExactly: expected 36, observed 0
[0521/170644.928:ERROR:process_memory_win.cc(73)] ReadMemory at 0x200296b05e0 of 72 bytes failed: ReadProcessMemory 또는 WriteProcessMemory의 일부 작업만을 마쳤습니다. (0x12B)
[0521/170644.928:WARNING:pe_image_annotations_reader.cc(134)] could not read annotations list object in C:\Program Files (x86)\Google\Chrome\Application\81.0.4044.138\chrome_elf.dll
[0521/170644.928:ERROR:process_memory_win.cc(73)] ReadMemory at 0x20029df8b90 of 72 bytes failed: ReadProcessMemory 또는 WriteProcessMemory의 일부 작업만을 마쳤습니다. (0x12B)
[0521/170644.929:WARNING:pe_image_annotations_reader.cc(134)] could not read annotations list object in C:\Program Files (x86)\Google\Chrome\Application\81.0.4044.138\chrome.dll
[0521/170644.933:ERROR:process_memory_win.cc(73)] ReadMemory at 0x7ff70fe40000 of 64 bytes failed: ReadProcessMemory 또는 WriteProcessMemory의 일부 작업만을 마쳤습니다. (0x12B)
[0521/170644.933:WARNING:pe_image_reader.cc(340)] could not read dos header from C:\Program Files (x86)\Google\Chrome\Application\chrome.exe
[0521/170644.933:ERROR:process_memory_win.cc(73)] ReadMemory at 0x200296b05e0 of 72 bytes failed: ReadProcessMemory 또는 WriteProcessMemory의 일부 작업만을 마쳤습니다. (0x12B)
[0521/170644.933:WARNING:pe_image_annotations_reader.cc(134)] could not read annotations list object in C:\Program Files (x86)\Google\Chrome\Application\81.0.4044.138\chrome_elf.dll
[0521/170644.933:ERROR:process_memory_win.cc(73)] ReadMemory at 0x7ff9c4bb0000 of 64 bytes failed: ReadProcessMemory 또는 WriteProcessMemory의 일부 작업만을 마쳤습니다. (0x12B)
[0521/170644.933:WARNING:pe_image_reader.cc(340)] could not read dos header from C:\Program Files (x86)\Google\Chrome\Application\81.0.4044.138\chrome.dll
[0521/170644.934:ERROR:process_memory_win.cc(73)] ReadMemory at 0x7ff70fe40000 of 64 bytes failed: ReadProcessMemory 또는 WriteProcessMemory의 일부 작업만을 마쳤습니다. (0x12B)
[0521/170644.934:WARNING:pe_image_reader.cc(340)] could not read dos header from C:\Program Files (x86)\Google\Chrome\Application\chrome.exe
[0521/170644.934:ERROR:process_memory_win.cc(73)] ReadMemory at 0x200296b05e0 of 72 bytes failed: ReadProcessMemory 또는 WriteProcessMemory의 일부 작업만을 마쳤습니다. (0x12B)
[0521/170644.934:WARNING:pe_image_annotations_reader.cc(134)] could not read annotations list object in C:\Program Files (x86)\Google\Chrome\Application\81.0.4044.138\chrome_elf.dll
[0521/170644.934:ERROR:process_memory_win.cc(73)] ReadMemory at 0x7ff9c4bb0000 of 64 bytes failed: ReadProcessMemory 또는 WriteProcessMemory의 일부 작업만을 마쳤습니다. (0x12B)
[0521/170644.934:WARNING:pe_image_reader.cc(340)] could not read dos header from C:\Program Files (x86)\Google\Chrome\Application\81.0.4044.138\chrome.dll
[0521/170644.975:ERROR:process_memory_win.cc(73)] ReadMemory at 0xfe90bdf000 of 135168 bytes failed: ReadProcessMemory 또는 WriteProcessMemory의 일부 작업만을 마쳤습니다. (0x12B)
[0521/170644.976:ERROR:process_memory_win.cc(73)] ReadMemory at 0xfe913fd000 of 12288 bytes failed: ReadProcessMemory 또는 WriteProcessMemory의 일부 작업만을 마쳤습니다. (0x12B)
[0521/170644.976:ERROR:process_memory_win.cc(73)] ReadMemory at 0xfe923fd000 of 12288 bytes failed: ReadProcessMemory 또는 WriteProcessMemory의 일부 작업만을 마쳤습니다. (0x12B)
[0521/170644.976:ERROR:process_memory_win.cc(73)] ReadMemory at 0xfe92bfb000 of 20480 bytes failed: ReadProcessMemory 또는 WriteProcessMemory의 일부 작업만을 마쳤습니다. (0x12B)
[0521/170644.976:ERROR:process_memory_win.cc(73)] ReadMemory at 0xfe933fe000 of 8192 bytes failed: ReadProcessMemory 또는 WriteProcessMemory의 일부 작업만을 마쳤습니다. (0x12B)
[0521/170644.976:ERROR:process_memory_win.cc(73)] ReadMemory at 0xfe93bfd000 of 12288 bytes failed: ReadProcessMemory 또는 WriteProcessMemory의 일부 작업만을 마쳤습니다. (0x12B)
[0521/170644.976:ERROR:process_memory_win.cc(73)] ReadMemory at 0xfe943fb000 of 20480 bytes failed: ReadProcessMemory 또는 WriteProcessMemory의 일부 작업만을 마쳤습니다. (0x12B)
[0521/170644.976:ERROR:process_memory_win.cc(73)] ReadMemory at 0xfe953fb000 of 20480 bytes failed: ReadProcessMemory 또는 WriteProcessMemory의 일부 작업만을 마쳤습니다. (0x12B)
[0521/170644.976:ERROR:process_memory_win.cc(73)] ReadMemory at 0xfe95bfa000 of 24576 bytes failed: ReadProcessMemory 또는 WriteProcessMemory의 일부 작업만을 마쳤습니다. (0x12B)
[0521/170644.976:ERROR:process_memory_win.cc(73)] ReadMemory at 0xfe963fa000 of 24576 bytes failed: ReadProcessMemory 또는 WriteProcessMemory의 일부 작업만을 마쳤습니다. (0x12B)
[0521/170644.976:ERROR:process_memory_win.cc(73)] ReadMemory at 0xfe96bfa000 of 24576 bytes failed: ReadProcessMemory 또는 WriteProcessMemory의 일부 작업만을 마쳤습니다. (0x12B)
[0521/170644.976:ERROR:process_memory_win.cc(73)] ReadMemory at 0xfe973fa000 of 24576 bytes failed: ReadProcessMemory 또는 WriteProcessMemory의 일부 작업만을 마쳤습니다. (0x12B)
[0521/170644.976:ERROR:process_memory_win.cc(73)] ReadMemory at 0xfe97bfa000 of 24576 bytes failed: ReadProcessMemory 또는 WriteProcessMemory의 일부 작업만을 마쳤습니다. (0x12B)
[0521/170644.976:ERROR:process_memory_win.cc(73)] ReadMemory at 0xfe9a3fa000 of 24576 bytes failed: ReadProcessMemory 또는 WriteProcessMemory의 일부 작업만을 마쳤습니다. (0x12B)
[0521/170644.976:ERROR:process_memory_win.cc(73)] ReadMemory at 0xfe91bfd000 of 12288 bytes failed: ReadProcessMemory 또는 WriteProcessMemory의 일부 작업만을 마쳤습니다. (0x12B)
[0521/170644.977:ERROR:process_memory_win.cc(73)] ReadMemory at 0xfe94bf7000 of 36864 bytes failed: ReadProcessMemory 또는 WriteProcessMemory의 일부 작업만을 마쳤습니다. (0x12B)
[0521/170644.977:ERROR:process_memory_win.cc(73)] ReadMemory at 0xfe993fc000 of 16384 bytes failed: ReadProcessMemory 또는 WriteProcessMemory의 일부 작업만을 마쳤습니다. (0x12B)
[0521/170644.977:ERROR:process_memory_win.cc(73)] ReadMemory at 0xfe983fd000 of 12288 bytes failed: ReadProcessMemory 또는 WriteProcessMemory의 일부 작업만을 마쳤습니다. (0x12B)
[0521/170644.977:ERROR:process_memory_win.cc(73)] ReadMemory at 0xfe98bfd000 of 12288 bytes failed: ReadProcessMemory 또는 WriteProcessMemory의 일부 작업만을 마쳤습니다. (0x12B)
[0521/170644.977:ERROR:process_memory_win.cc(73)] ReadMemory at 0xfe902dd000 of 852 bytes failed: ReadProcessMemory 또는 WriteProcessMemory의 일부 작업만을 마쳤습니다. (0x12B)
[0521/170644.977:ERROR:process_memory_win.cc(73)] ReadMemory at 0xfe902de000 of 6024 bytes failed: ReadProcessMemory 또는 WriteProcessMemory의 일부 작업만을 마쳤습니다. (0x12B)
[0521/170644.977:ERROR:process_memory_win.cc(73)] ReadMemory at 0xfe902e0000 of 6024 bytes failed: ReadProcessMemory 또는 WriteProcessMemory의 일부 작업만을 마쳤습니다. (0x12B)
[0521/170644.977:ERROR:process_memory_win.cc(73)] ReadMemory at 0xfe902e4000 of 6024 bytes failed: ReadProcessMemory 또는 WriteProcessMemory의 일부 작업만을 마쳤습니다. (0x12B)
[0521/170644.977:ERROR:process_memory_win.cc(73)] ReadMemory at 0xfe902e6000 of 6024 bytes failed: ReadProcessMemory 또는 WriteProcessMemory의 일부 작업만을 마쳤습니다. (0x12B)
[0521/170644.977:ERROR:process_memory_win.cc(73)] ReadMemory at 0xfe902e8000 of 6024 bytes failed: ReadProcessMemory 또는 WriteProcessMemory의 일부 작업만을 마쳤습니다. (0x12B)
[0521/170644.977:ERROR:process_memory_win.cc(73)] ReadMemory at 0xfe902ea000 of 6024 bytes failed: ReadProcessMemory 또는 WriteProcessMemory의 일부 작업만을 마쳤습니다. (0x12B)
[0521/170644.978:ERROR:process_memory_win.cc(73)] ReadMemory at 0xfe902ec000 of 6024 bytes failed: ReadProcessMemory 또는 WriteProcessMemory의 일부 작업만을 마쳤습니다. (0x12B)
[0521/170644.978:ERROR:process_memory_win.cc(73)] ReadMemory at 0xfe902f0000 of 6024 bytes failed: ReadProcessMemory 또는 WriteProcessMemory의 일부 작업만을 마쳤습니다. (0x12B)
[0521/170644.978:ERROR:process_memory_win.cc(73)] ReadMemory at 0xfe902f2000 of 6024 bytes failed: ReadProcessMemory 또는 WriteProcessMemory의 일부 작업만을 마쳤습니다. (0x12B)
[0521/170644.978:ERROR:process_memory_win.cc(73)] ReadMemory at 0xfe902f4000 of 6024 bytes failed: ReadProcessMemory 또는 WriteProcessMemory의 일부 작업만을 마쳤습니다. (0x12B)
[0521/170644.978:ERROR:process_memory_win.cc(73)] ReadMemory at 0xfe902f6000 of 6024 bytes failed: ReadProcessMemory 또는 WriteProcessMemory의 일부 작업만을 마쳤습니다. (0x12B)
[0521/170644.978:ERROR:process_memory_win.cc(73)] ReadMemory at 0xfe902f8000 of 6024 bytes failed: ReadProcessMemory 또는 WriteProcessMemory의 일부 작업만을 마쳤습니다. (0x12B)
[0521/170644.978:ERROR:process_memory_win.cc(73)] ReadMemory at 0xfe902fa000 of 6024 bytes failed: ReadProcessMemory 또는 WriteProcessMemory의 일부 작업만을 마쳤습니다. (0x12B)
[0521/170644.978:ERROR:process_memory_win.cc(73)] ReadMemory at 0xfe90304000 of 6024 bytes failed: ReadProcessMemory 또는 WriteProcessMemory의 일부 작업만을 마쳤습니다. (0x12B)
[0521/170644.978:ERROR:process_memory_win.cc(73)] ReadMemory at 0xfe9032e000 of 6024 bytes failed: ReadProcessMemory 또는 WriteProcessMemory의 일부 작업만을 마쳤습니다. (0x12B)
[0521/170644.978:ERROR:process_memory_win.cc(73)] ReadMemory at 0xfe90396000 of 6024 bytes failed: ReadProcessMemory 또는 WriteProcessMemory의 일부 작업만을 마쳤습니다. (0x12B)
[0521/170644.978:ERROR:process_memory_win.cc(73)] ReadMemory at 0xfe903ca000 of 6024 bytes failed: ReadProcessMemory 또는 WriteProcessMemory의 일부 작업만을 마쳤습니다. (0x12B)
[0521/170644.978:ERROR:process_memory_win.cc(73)] ReadMemory at 0xfe903da000 of 6024 bytes failed: ReadProcessMemory 또는 WriteProcessMemory의 일부 작업만을 마쳤습니다. (0x12B)
[0521/170644.978:ERROR:process_memory_win.cc(73)] ReadMemory at 0xfe903dc000 of 6024 bytes failed: ReadProcessMemory 또는 WriteProcessMemory의 일부 작업만을 마쳤습니다. (0x12B)
[0521/170644.979:ERROR:process_memory_win.cc(73)] ReadMemory at 0x20029350fe0 of 26124 bytes failed: ReadProcessMemory 또는 WriteProcessMemory의 일부 작업만을 마쳤습니다. (0x12B)
[0521/170644.979:ERROR:process_memory_win.cc(73)] ReadMemory at 0x20029357600 of 1012 bytes failed: ReadProcessMemory 또는 WriteProcessMemory의 일부 작업만을 마쳤습니다. (0x12B)
[0521/170644.979:ERROR:process_memory_win.cc(73)] ReadMemory at 0x20029357c28 of 118 bytes failed: ReadProcessMemory 또는 WriteProcessMemory의 일부 작업만을 마쳤습니다. (0x12B)
[0521/170644.979:ERROR:process_memory_win.cc(73)] ReadMemory at 0x20029357ca0 of 804 bytes failed: ReadProcessMemory 또는 WriteProcessMemory의 일부 작업만을 마쳤습니다. (0x12B)
[0521/170644.979:ERROR:process_memory_win.cc(73)] ReadMemory at 0x20029357fc6 of 118 bytes failed: ReadProcessMemory 또는 WriteProcessMemory의 일부 작업만을 마쳤습니다. (0x12B)
[0521/170644.979:ERROR:process_memory_win.cc(73)] ReadMemory at 0x2002935803e of 98 bytes failed: ReadProcessMemory 또는 WriteProcessMemory의 일부 작업만을 마쳤습니다. (0x12B)
[0521/170644.979:ERROR:process_memory_win.cc(73)] ReadMemory at 0x200293580b0 of 58 bytes failed: ReadProcessMemory 또는 WriteProcessMemory의 일부 작업만을 마쳤습니다. (0x12B)
[0521/170644.979:ERROR:process_memory_win.cc(73)] ReadMemory at 0x200293581b0 of 132 bytes failed: ReadProcessMemory 또는 WriteProcessMemory의 일부 작업만을 마쳤습니다. (0x12B)
[0521/170644.979:ERROR:process_memory_win.cc(73)] ReadMemory at 0x20029358340 of 132 bytes failed: ReadProcessMemory 또는 WriteProcessMemory의 일부 작업만을 마쳤습니다. (0x12B)
[0521/170644.979:ERROR:process_memory_win.cc(73)] ReadMemory at 0x20029358500 of 126 bytes failed: ReadProcessMemory 또는 WriteProcessMemory의 일부 작업만을 마쳤습니다. (0x12B)
[0521/170644.979:ERROR:process_memory_win.cc(73)] ReadMemory at 0x200293588e0 of 132 bytes failed: ReadProcessMemory 또는 WriteProcessMemory의 일부 작업만을 마쳤습니다. (0x12B)
[0521/170644.979:ERROR:process_memory_win.cc(73)] ReadMemory at 0x20029358a70 of 64 bytes failed: ReadProcessMemory 또는 WriteProcessMemory의 일부 작업만을 마쳤습니다. (0x12B)
[0521/170644.979:ERROR:process_memory_win.cc(73)] ReadMemory at 0x20029358ac0 of 132 bytes failed: ReadProcessMemory 또는 WriteProcessMemory의 일부 작업만을 마쳤습니다. (0x12B)
[0521/170644.979:ERROR:process_memory_win.cc(73)] ReadMemory at 0x20029358c30 of 132 bytes failed: ReadProcessMemory 또는 WriteProcessMemory의 일부 작업만을 마쳤습니다. (0x12B)
[0521/170644.979:ERROR:process_memory_win.cc(73)] ReadMemory at 0x20029358ed0 of 132 bytes failed: ReadProcessMemory 또는 WriteProcessMemory의 일부 작업만을 마쳤습니다. (0x12B)
[0521/170644.979:ERROR:process_memory_win.cc(73)] ReadMemory at 0x20029359060 of 68 bytes failed: ReadProcessMemory 또는 WriteProcessMemory의 일부 작업만을 마쳤습니다. (0x12B)
[0521/170644.979:ERROR:process_memory_win.cc(73)] ReadMemory at 0x20029359fd0 of 132 bytes failed: ReadProcessMemory 또는 WriteProcessMemory의 일부 작업만을 마쳤습니다. (0x12B)
[0521/170644.980:ERROR:process_memory_win.cc(73)] ReadMemory at 0x2002935a160 of 154 bytes failed: ReadProcessMemory 또는 WriteProcessMemory의 일부 작업만을 마쳤습니다. (0x12B)
[0521/170644.980:ERROR:process_memory_win.cc(73)] ReadMemory at 0x2002935b090 of 132 bytes failed: ReadProcessMemory 또는 WriteProcessMemory의 일부 작업만을 마쳤습니다. (0x12B)
[0521/170644.980:ERROR:process_memory_win.cc(73)] ReadMemory at 0x2002935b1f0 of 132 bytes failed: ReadProcessMemory 또는 WriteProcessMemory의 일부 작업만을 마쳤습니다. (0x12B)
[0521/170644.980:ERROR:process_memory_win.cc(73)] ReadMemory at 0x2002935b320 of 60 bytes failed: ReadProcessMemory 또는 WriteProcessMemory의 일부 작업만을 마쳤습니다. (0x12B)
[0521/170644.980:ERROR:process_memory_win.cc(73)] ReadMemory at 0x2002935ce30 of 62 bytes failed: ReadProcessMemory 또는 WriteProcessMemory의 일부 작업만을 마쳤습니다. (0x12B)
[0521/170644.980:ERROR:process_memory_win.cc(73)] ReadMemory at 0x2002935ce80 of 146 bytes failed: ReadProcessMemory 또는 WriteProcessMemory의 일부 작업만을 마쳤습니다. (0x12B)
[0521/170644.980:ERROR:process_memory_win.cc(73)] ReadMemory at 0x2002935df30 of 132 bytes failed: ReadProcessMemory 또는 WriteProcessMemory의 일부 작업만을 마쳤습니다. (0x12B)
[0521/170644.980:ERROR:process_memory_win.cc(73)] ReadMemory at 0x2002935e280 of 132 bytes failed: ReadProcessMemory 또는 WriteProcessMemory의 일부 작업만을 마쳤습니다. (0x12B)
[0521/170644.980:ERROR:process_memory_win.cc(73)] ReadMemory at 0x20029360900 of 132 bytes failed: ReadProcessMemory 또는 WriteProcessMemory의 일부 작업만을 마쳤습니다. (0x12B)
[0521/170644.980:ERROR:process_memory_win.cc(73)] ReadMemory at 0x20029360a30 of 132 bytes failed: ReadProcessMemory 또는 WriteProcessMemory의 일부 작업만을 마쳤습니다. (0x12B)
[0521/170644.980:ERROR:process_memory_win.cc(73)] ReadMemory at 0x20029360ca0 of 132 bytes failed: ReadProcessMemory 또는 WriteProcessMemory의 일부 작업만을 마쳤습니다. (0x12B)
[0521/170644.980:ERROR:process_memory_win.cc(73)] ReadMemory at 0x20029360ee0 of 132 bytes failed: ReadProcessMemory 또는 WriteProcessMemory의 일부 작업만을 마쳤습니다. (0x12B)
[0521/170644.980:ERROR:process_memory_win.cc(73)] ReadMemory at 0x20029361070 of 80 bytes failed: ReadProcessMemory 또는 WriteProcessMemory의 일부 작업만을 마쳤습니다. (0x12B)
[0521/170644.980:ERROR:process_memory_win.cc(73)] ReadMemory at 0x20029361280 of 60 bytes failed: ReadProcessMemory 또는 WriteProcessMemory의 일부 작업만을 마쳤습니다. (0x12B)
[0521/170644.980:ERROR:process_memory_win.cc(73)] ReadMemory at 0x200293612d0 of 64 bytes failed: ReadProcessMemory 또는 WriteProcessMemory의 일부 작업만을 마쳤습니다. (0x12B)
[0521/170644.980:ERROR:process_memory_win.cc(73)] ReadMemory at 0x20029361320 of 66 bytes failed: ReadProcessMemory 또는 WriteProcessMemory의 일부 작업만을 마쳤습니다. (0x12B)
[0521/170644.980:ERROR:process_memory_win.cc(73)] ReadMemory at 0x200293614b0 of 62 bytes failed: ReadProcessMemory 또는 WriteProcessMemory의 일부 작업만을 마쳤습니다. (0x12B)
[0521/170644.981:ERROR:process_memory_win.cc(73)] ReadMemory at 0x20029361500 of 64 bytes failed: ReadProcessMemory 또는 WriteProcessMemory의 일부 작업만을 마쳤습니다. (0x12B)
[0521/170644.981:ERROR:process_memory_win.cc(73)] ReadMemory at 0x200293615a0 of 60 bytes failed: ReadProcessMemory 또는 WriteProcessMemory의 일부 작업만을 마쳤습니다. (0x12B)
[0521/170644.981:ERROR:process_memory_win.cc(73)] ReadMemory at 0x200293616e0 of 64 bytes failed: ReadProcessMemory 또는 WriteProcessMemory의 일부 작업만을 마쳤습니다. (0x12B)
[0521/170644.981:ERROR:process_memory_win.cc(73)] ReadMemory at 0x20029361730 of 62 bytes failed: ReadProcessMemory 또는 WriteProcessMemory의 일부 작업만을 마쳤습니다. (0x12B)
[0521/170644.981:ERROR:process_memory_win.cc(73)] ReadMemory at 0x200293618c0 of 64 bytes failed: ReadProcessMemory 또는 WriteProcessMemory의 일부 작업만을 마쳤습니다. (0x12B)
[0521/170644.981:ERROR:process_memory_win.cc(73)] ReadMemory at 0x20029364bb0 of 132 bytes failed: ReadProcessMemory 또는 WriteProcessMemory의 일부 작업만을 마쳤습니다. (0x12B)
[0521/170644.981:ERROR:process_memory_win.cc(73)] ReadMemory at 0x20029365610 of 54 bytes failed: ReadProcessMemory 또는 WriteProcessMemory의 일부 작업만을 마쳤습니다. (0x12B)
[0521/170644.981:ERROR:process_memory_win.cc(73)] ReadMemory at 0x20029366420 of 132 bytes failed: ReadProcessMemory 또는 WriteProcessMemory의 일부 작업만을 마쳤습니다. (0x12B)
[0521/170644.981:ERROR:process_memory_win.cc(73)] ReadMemory at 0x20029366550 of 132 bytes failed: ReadProcessMemory 또는 WriteProcessMemory의 일부 작업만을 마쳤습니다. (0x12B)
[0521/170644.981:ERROR:process_memory_win.cc(73)] ReadMemory at 0x20029366680 of 132 bytes failed: ReadProcessMemory 또는 WriteProcessMemory의 일부 작업만을 마쳤습니다. (0x12B)
[0521/170644.981:ERROR:process_memory_win.cc(73)] ReadMemory at 0x200293667b0 of 132 bytes failed: ReadProcessMemory 또는 WriteProcessMemory의 일부 작업만을 마쳤습니다. (0x12B)
[0521/170644.981:ERROR:process_memory_win.cc(73)] ReadMemory at 0x200293668e0 of 132 bytes failed: ReadProcessMemory 또는 WriteProcessMemory의 일부 작업만을 마쳤습니다. (0x12B)
[0521/170644.981:ERROR:process_memory_win.cc(73)] ReadMemory at 0x20029366a10 of 132 bytes failed: ReadProcessMemory 또는 WriteProcessMemory의 일부 작업만을 마쳤습니다. (0x12B)
[0521/170644.981:ERROR:process_memory_win.cc(73)] ReadMemory at 0x20029366b40 of 132 bytes failed: ReadProcessMemory 또는 WriteProcessMemory의 일부 작업만을 마쳤습니다. (0x12B)
[0521/170644.981:ERROR:process_memory_win.cc(73)] ReadMemory at 0x20029366c70 of 132 bytes failed: ReadProcessMemory 또는 WriteProcessMemory의 일부 작업만을 마쳤습니다. (0x12B)
[0521/170644.981:ERROR:process_memory_win.cc(73)] ReadMemory at 0x20029366da0 of 132 bytes failed: ReadProcessMemory 또는 WriteProcessMemory의 일부 작업만을 마쳤습니다. (0x12B)
[0521/170644.982:ERROR:process_memory_win.cc(73)] ReadMemory at 0x20029366ed0 of 132 bytes failed: ReadProcessMemory 또는 WriteProcessMemory의 일부 작업만을 마쳤습니다. (0x12B)
[0521/170644.982:ERROR:process_memory_win.cc(73)] ReadMemory at 0x20029367130 of 132 bytes failed: ReadProcessMemory 또는 WriteProcessMemory의 일부 작업만을 마쳤습니다. (0x12B)
[0521/170644.982:ERROR:process_memory_win.cc(73)] ReadMemory at 0x20029367260 of 132 bytes failed: ReadProcessMemory 또는 WriteProcessMemory의 일부 작업만을 마쳤습니다. (0x12B)
[0521/170644.982:ERROR:process_memory_win.cc(73)] ReadMemory at 0x20029368ac0 of 132 bytes failed: ReadProcessMemory 또는 WriteProcessMemory의 일부 작업만을 마쳤습니다. (0x12B)
[0521/170644.982:ERROR:process_memory_win.cc(73)] ReadMemory at 0x2002936c840 of 80 bytes failed: ReadProcessMemory 또는 WriteProcessMemory의 일부 작업만을 마쳤습니다. (0x12B)
[0521/170644.982:ERROR:process_memory_win.cc(73)] ReadMemory at 0x2002936cae0 of 76 bytes failed: ReadProcessMemory 또는 WriteProcessMemory의 일부 작업만을 마쳤습니다. (0x12B)
[0521/170644.982:ERROR:process_memory_win.cc(73)] ReadMemory at 0x2002936d2b0 of 62 bytes failed: ReadProcessMemory 또는 WriteProcessMemory의 일부 작업만을 마쳤습니다. (0x12B)
[0521/170644.982:ERROR:process_memory_win.cc(73)] ReadMemory at 0x2002936d350 of 58 bytes failed: ReadProcessMemory 또는 WriteProcessMemory의 일부 작업만을 마쳤습니다. (0x12B)
[0521/170644.982:ERROR:process_memory_win.cc(73)] ReadMemory at 0x2002936d3a0 of 62 bytes failed: ReadProcessMemory 또는 WriteProcessMemory의 일부 작업만을 마쳤습니다. (0x12B)
[0521/170644.982:ERROR:process_memory_win.cc(73)] ReadMemory at 0x2002936d3f0 of 64 bytes failed: ReadProcessMemory 또는 WriteProcessMemory의 일부 작업만을 마쳤습니다. (0x12B)
[0521/170644.982:ERROR:process_memory_win.cc(73)] ReadMemory at 0x2002936d440 of 64 bytes failed: ReadProcessMemory 또는 WriteProcessMemory의 일부 작업만을 마쳤습니다. (0x12B)
[0521/170644.982:ERROR:process_memory_win.cc(73)] ReadMemory at 0x2002936d5d0 of 62 bytes failed: ReadProcessMemory 또는 WriteProcessMemory의 일부 작업만을 마쳤습니다. (0x12B)
[0521/170644.982:ERROR:process_memory_win.cc(73)] ReadMemory at 0x2002936d6c0 of 62 bytes failed: ReadProcessMemory 또는 WriteProcessMemory의 일부 작업만을 마쳤습니다. (0x12B)
[0521/170644.982:ERROR:process_memory_win.cc(73)] ReadMemory at 0x2002936d710 of 62 bytes failed: ReadProcessMemory 또는 WriteProcessMemory의 일부 작업만을 마쳤습니다. (0x12B)
[0521/170644.982:ERROR:process_memory_win.cc(73)] ReadMemory at 0x2002936d8a0 of 62 bytes failed: ReadProcessMemory 또는 WriteProcessMemory의 일부 작업만을 마쳤습니다. (0x12B)
[0521/170644.982:ERROR:process_memory_win.cc(73)] ReadMemory at 0x2002936d9e0 of 64 bytes failed: ReadProcessMemory 또는 WriteProcessMemory의 일부 작업만을 마쳤습니다. (0x12B)
[0521/170644.982:ERROR:process_memory_win.cc(73)] ReadMemory at 0x2002936da30 of 60 bytes failed: ReadProcessMemory 또는 WriteProcessMemory의 일부 작업만을 마쳤습니다. (0x12B)
[0521/170644.983:ERROR:process_memory_win.cc(73)] ReadMemory at 0x2002936dad0 of 68 bytes failed: ReadProcessMemory 또는 WriteProcessMemory의 일부 작업만을 마쳤습니다. (0x12B)
[0521/170644.983:ERROR:process_memory_win.cc(73)] ReadMemory at 0x2002936db20 of 62 bytes failed: ReadProcessMemory 또는 WriteProcessMemory의 일부 작업만을 마쳤습니다. (0x12B)
[0521/170644.983:ERROR:process_memory_win.cc(73)] ReadMemory at 0x2002936db70 of 60 bytes failed: ReadProcessMemory 또는 WriteProcessMemory의 일부 작업만을 마쳤습니다. (0x12B)
[0521/170644.983:ERROR:process_memory_win.cc(73)] ReadMemory at 0x2002936dbc0 of 62 bytes failed: ReadProcessMemory 또는 WriteProcessMemory의 일부 작업만을 마쳤습니다. (0x12B)
[0521/170644.983:ERROR:process_memory_win.cc(73)] ReadMemory at 0x2002936dc60 of 66 bytes failed: ReadProcessMemory 또는 WriteProcessMemory의 일부 작업만을 마쳤습니다. (0x12B)
[0521/170644.983:ERROR:process_memory_win.cc(73)] ReadMemory at 0x2002936de90 of 64 bytes failed: ReadProcessMemory 또는 WriteProcessMemory의 일부 작업만을 마쳤습니다. (0x12B)
[0521/170644.983:ERROR:process_memory_win.cc(73)] ReadMemory at 0x2002936df30 of 60 bytes failed: ReadProcessMemory 또는 WriteProcessMemory의 일부 작업만을 마쳤습니다. (0x12B)
[0521/170644.983:ERROR:process_memory_win.cc(73)] ReadMemory at 0x2002936e160 of 60 bytes failed: ReadProcessMemory 또는 WriteProcessMemory의 일부 작업만을 마쳤습니다. (0x12B)
[0521/170644.983:ERROR:process_memory_win.cc(73)] ReadMemory at 0x2002936f330 of 132 bytes failed: ReadProcessMemory 또는 WriteProcessMemory의 일부 작업만을 마쳤습니다. (0x12B)
[0521/170644.983:ERROR:process_memory_win.cc(73)] ReadMemory at 0x2002936f460 of 132 bytes failed: ReadProcessMemory 또는 WriteProcessMemory의 일부 작업만을 마쳤습니다. (0x12B)
[0521/170644.983:ERROR:process_memory_win.cc(73)] ReadMemory at 0x2002936f920 of 132 bytes failed: ReadProcessMemory 또는 WriteProcessMemory의 일부 작업만을 마쳤습니다. (0x12B)
[0521/170644.983:ERROR:process_memory_win.cc(73)] ReadMemory at 0x2002936fa50 of 132 bytes failed: ReadProcessMemory 또는 WriteProcessMemory의 일부 작업만을 마쳤습니다. (0x12B)
[0521/170644.983:ERROR:process_memory_win.cc(73)] ReadMemory at 0x2002936fcb0 of 132 bytes failed: ReadProcessMemory 또는 WriteProcessMemory의 일부 작업만을 마쳤습니다. (0x12B)
[0521/170644.984:ERROR:process_memory_win.cc(73)] ReadMemory at 0x20029370040 of 132 bytes failed: ReadProcessMemory 또는 WriteProcessMemory의 일부 작업만을 마쳤습니다. (0x12B)
[0521/170644.984:ERROR:process_memory_win.cc(73)] ReadMemory at 0x200293703d0 of 132 bytes failed: ReadProcessMemory 또는 WriteProcessMemory의 일부 작업만을 마쳤습니다. (0x12B)
[0521/170644.984:ERROR:process_memory_win.cc(73)] ReadMemory at 0x200293709c0 of 132 bytes failed: ReadProcessMemory 또는 WriteProcessMemory의 일부 작업만을 마쳤습니다. (0x12B)
[0521/170644.984:ERROR:process_memory_win.cc(73)] ReadMemory at 0x20029370af0 of 132 bytes failed: ReadProcessMemory 또는 WriteProcessMemory의 일부 작업만을 마쳤습니다. (0x12B)
[0521/170644.984:ERROR:process_memory_win.cc(73)] ReadMemory at 0x20029370c20 of 132 bytes failed: ReadProcessMemory 또는 WriteProcessMemory의 일부 작업만을 마쳤습니다. (0x12B)
[0521/170644.984:ERROR:process_memory_win.cc(73)] ReadMemory at 0x20029370fb0 of 132 bytes failed: ReadProcessMemory 또는 WriteProcessMemory의 일부 작업만을 마쳤습니다. (0x12B)
[0521/170644.984:ERROR:process_memory_win.cc(73)] ReadMemory at 0x20029389b50 of 512 bytes failed: ReadProcessMemory 또는 WriteProcessMemory의 일부 작업만을 마쳤습니다. (0x12B)
[0521/170644.984:ERROR:process_memory_win.cc(73)] ReadMemory at 0x2002938aab0 of 512 bytes failed: ReadProcessMemory 또는 WriteProcessMemory의 일부 작업만을 마쳤습니다. (0x12B)
[0521/170644.984:ERROR:process_memory_win.cc(73)] ReadMemory at 0x20029e34f00 of 512 bytes failed: ReadProcessMemory 또는 WriteProcessMemory의 일부 작업만을 마쳤습니다. (0x12B)
[0521/170644.984:ERROR:process_memory_win.cc(73)] ReadMemory at 0x20029e36e60 of 512 bytes failed: ReadProcessMemory 또는 WriteProcessMemory의 일부 작업만을 마쳤습니다. (0x12B)
[0521/170644.984:ERROR:process_memory_win.cc(73)] ReadMemory at 0x20029e39af0 of 512 bytes failed: ReadProcessMemory 또는 WriteProcessMemory의 일부 작업만을 마쳤습니다. (0x12B)
[0521/170644.984:ERROR:process_memory_win.cc(73)] ReadMemory at 0x20029e58000 of 712 bytes failed: ReadProcessMemory 또는 WriteProcessMemory의 일부 작업만을 마쳤습니다. (0x12B)
[0521/170644.984:ERROR:process_memory_win.cc(73)] ReadMemory at 0x20029e7cb50 of 512 bytes failed: ReadProcessMemory 또는 WriteProcessMemory의 일부 작업만을 마쳤습니다. (0x12B)
[0521/170644.984:ERROR:process_memory_win.cc(73)] ReadMemory at 0x2002b984940 of 512 bytes failed: ReadProcessMemory 또는 WriteProcessMemory의 일부 작업만을 마쳤습니다. (0x12B)
[0521/170644.984:ERROR:process_memory_win.cc(73)] ReadMemory at 0x2003466e350 of 512 bytes failed: ReadProcessMemory 또는 WriteProcessMemory의 일부 작업만을 마쳤습니다. (0x12B)
[0521/170644.985:ERROR:process_memory_win.cc(73)] ReadMemory at 0x200349623f8 of 512 bytes failed: ReadProcessMemory 또는 WriteProcessMemory의 일부 작업만을 마쳤습니다. (0x12B)
[0521/170644.985:ERROR:process_memory_win.cc(73)] ReadMemory at 0x20034e3a72c of 512 bytes failed: ReadProcessMemory 또는 WriteProcessMemory의 일부 작업만을 마쳤습니다. (0x12B)
[0521/170644.985:ERROR:process_memory_win.cc(73)] ReadMemory at 0x200351951a0 of 512 bytes failed: ReadProcessMemory 또는 WriteProcessMemory의 일부 작업만을 마쳤습니다. (0x12B)
[0521/170644.985:ERROR:process_memory_win.cc(73)] ReadMemory at 0x20035242b40 of 512 bytes failed: ReadProcessMemory 또는 WriteProcessMemory의 일부 작업만을 마쳤습니다. (0x12B)
[0521/170644.985:ERROR:process_memory_win.cc(73)] ReadMemory at 0x2003b869380 of 512 bytes failed: ReadProcessMemory 또는 WriteProcessMemory의 일부 작업만을 마쳤습니다. (0x12B)
[0521/170644.985:ERROR:process_memory_win.cc(73)] ReadMemory at 0x20041802403 of 525 bytes failed: ReadProcessMemory 또는 WriteProcessMemory의 일부 작업만을 마쳤습니다. (0x12B)
[0521/170644.985:ERROR:process_memory_win.cc(73)] ReadMemory at 0x7ff9c726971c of 512 bytes failed: ReadProcessMemory 또는 WriteProcessMemory의 일부 작업만을 마쳤습니다. (0x12B)
[0521/170644.985:ERROR:process_memory_win.cc(73)] ReadMemory at 0x7ff9cb87d678 of 512 bytes failed: ReadProcessMemory 또는 WriteProcessMemory의 일부 작업만을 마쳤습니다. (0x12B)
[0521/170644.985:ERROR:process_memory_win.cc(73)] ReadMemory at 0x7ff9cc125c88 of 512 bytes failed: ReadProcessMemory 또는 WriteProcessMemory의 일부 작업만을 마쳤습니다. (0x12B)
[0521/170644.985:ERROR:process_memory_win.cc(73)] ReadMemory at 0x7ffa25409689 of 512 bytes failed: ReadProcessMemory 또는 WriteProcessMemory의 일부 작업만을 마쳤습니다. (0x12B)
[0521/170644.985:ERROR:process_memory_win.cc(73)] ReadMemory at 0x7ffa28fc25fd of 512 bytes failed: ReadProcessMemory 또는 WriteProcessMemory의 일부 작업만을 마쳤습니다. (0x12B)
[0521/170644.985:ERROR:process_memory_win.cc(73)] ReadMemory at 0x7ffa28ffff10 of 512 bytes failed: ReadProcessMemory 또는 WriteProcessMemory의 일부 작업만을 마쳤습니다. (0x12B)
[0521/170644.985:ERROR:process_memory_win.cc(73)] ReadMemory at 0x7ffa2904f764 of 672 bytes failed: ReadProcessMemory 또는 WriteProcessMemory의 일부 작업만을 마쳤습니다. (0x12B)
[0521/170644.985:ERROR:process_memory_win.cc(73)] ReadMemory at 0x7ffa2904fd64 of 512 bytes failed: ReadProcessMemory 또는 WriteProcessMemory의 일부 작업만을 마쳤습니다. (0x12B)
[0521/170644.985:ERROR:process_memory_win.cc(73)] ReadMemory at 0x7ffa29052ff4 of 608 bytes failed: ReadProcessMemory 또는 WriteProcessMemory의 일부 작업만을 마쳤습니다. (0x12B)
[0521/170644.985:ERROR:process_memory_win.cc(73)] ReadMemory at 0x7ffa290dc0c8 of 18 bytes failed: ReadProcessMemory 또는 WriteProcessMemory의 일부 작업만을 마쳤습니다. (0x12B)
[0521/170644.985:ERROR:process_memory_win.cc(73)] ReadMemory at 0x7ffa2910f4f8 of 40 bytes failed: ReadProcessMemory 또는 WriteProcessMemory의 일부 작업만을 마쳤습니다. (0x12B)
[0521/170644.985:ERROR:process_memory_win.cc(73)] ReadMemory at 0x7ffa2910f978 of 48 bytes failed: ReadProcessMemory 또는 WriteProcessMemory의 일부 작업만을 마쳤습니다. (0x12B)
[0521/170644.986:ERROR:process_memory_win.cc(73)] ReadMemory at 0x7ffa291153c0 of 64 bytes failed: ReadProcessMemory 또는 WriteProcessMemory의 일부 작업만을 마쳤습니다. (0x12B)
[0521/170644.987:ERROR:scoped_process_suspend.cc(40)] NtResumeProcess: 기존 프로세스에 액세스하려고 했습니다. (0xc000010a)
